<?xml version="1.0" encoding="UTF-8"?>
<coverage generated="1623865586638" clover="3.2.0">
  <project timestamp="1623865586639" name="All files">
    <metrics statements="231" coveredstatements="135" conditionals="105" coveredconditionals="42" methods="106" coveredmethods="60" elements="442" coveredelements="237" complexity="0" loc="231" ncloc="231" packages="7" files="27" classes="27"/>
    <package name="project-atelier">
      <metrics statements="2" coveredstatements="2" conditionals="0" coveredconditionals="0" methods="1" coveredmethods="1"/>
      <file name="sum.js" path="/Users/tylerbrinkman/Documents/Hack/project-atelier/sum.js">
        <metrics statements="2" coveredstatements="2" conditionals="0" coveredconditionals="0" methods="1" coveredmethods="1"/>
        <line num="2" count="1" type="stmt"/>
        <line num="5" count="1" type="stmt"/>
      </file>
    </package>
    <package name="project-atelier.client.src">
      <metrics statements="6" coveredstatements="6" conditionals="0" coveredconditionals="0" methods="3" coveredmethods="3"/>
      <file name="app.jsx" path="/Users/tylerbrinkman/Documents/Hack/project-atelier/client/src/app.jsx">
        <metrics statements="1" coveredstatements="1" conditionals="0" coveredconditionals="0" methods="1" coveredmethods="1"/>
        <line num="11" count="3" type="stmt"/>
      </file>
      <file name="home.jsx" path="/Users/tylerbrinkman/Documents/Hack/project-atelier/client/src/home.jsx">
        <metrics statements="5" coveredstatements="5" conditionals="0" coveredconditionals="0" methods="2" coveredmethods="2"/>
        <line num="7" count="1" type="stmt"/>
        <line num="8" count="1" type="stmt"/>
        <line num="9" count="1" type="stmt"/>
        <line num="10" count="1" type="stmt"/>
        <line num="14" count="1" type="stmt"/>
      </file>
    </package>
    <package name="project-atelier.client.src.overview">
      <metrics statements="9" coveredstatements="4" conditionals="0" coveredconditionals="0" methods="7" coveredmethods="2"/>
      <file name="overview.jsx" path="/Users/tylerbrinkman/Documents/Hack/project-atelier/client/src/overview/overview.jsx">
        <metrics statements="9" coveredstatements="4" conditionals="0" coveredconditionals="0" methods="7" coveredmethods="2"/>
        <line num="18" count="3" type="stmt"/>
        <line num="19" count="3" type="stmt"/>
        <line num="26" count="3" type="stmt"/>
        <line num="30" count="0" type="stmt"/>
        <line num="35" count="0" type="stmt"/>
        <line num="39" count="0" type="stmt"/>
        <line num="44" count="0" type="stmt"/>
        <line num="50" count="3" type="stmt"/>
        <line num="82" count="0" type="stmt"/>
      </file>
    </package>
    <package name="project-atelier.client.src.overview.components">
      <metrics statements="97" coveredstatements="38" conditionals="55" coveredconditionals="26" methods="38" coveredmethods="15"/>
      <file name="addToCart.jsx" path="/Users/tylerbrinkman/Documents/Hack/project-atelier/client/src/overview/components/addToCart.jsx">
        <metrics statements="19" coveredstatements="8" conditionals="3" coveredconditionals="2" methods="7" coveredmethods="2"/>
        <line num="7" count="4" type="stmt"/>
        <line num="8" count="4" type="stmt"/>
        <line num="16" count="4" type="stmt"/>
        <line num="17" count="4" type="stmt"/>
        <line num="18" count="4" type="stmt"/>
        <line num="19" count="4" type="stmt"/>
        <line num="20" count="4" type="stmt"/>
        <line num="24" count="0" type="stmt"/>
        <line num="25" count="0" type="stmt"/>
        <line num="31" count="0" type="stmt"/>
        <line num="32" count="0" type="stmt"/>
        <line num="38" count="0" type="stmt"/>
        <line num="39" count="0" type="stmt"/>
        <line num="40" count="0" type="stmt"/>
        <line num="46" count="0" type="stmt"/>
        <line num="47" count="0" type="stmt"/>
        <line num="53" count="0" type="stmt"/>
        <line num="54" count="0" type="stmt"/>
        <line num="60" count="4" type="stmt"/>
      </file>
      <file name="imageGallery.jsx" path="/Users/tylerbrinkman/Documents/Hack/project-atelier/client/src/overview/components/imageGallery.jsx">
        <metrics statements="29" coveredstatements="7" conditionals="36" coveredconditionals="15" methods="8" coveredmethods="2"/>
        <line num="7" count="4" type="stmt"/>
        <line num="8" count="4" type="stmt"/>
        <line num="19" count="4" type="stmt"/>
        <line num="20" count="4" type="stmt"/>
        <line num="24" count="0" type="stmt"/>
        <line num="25" count="0" type="cond" truecount="0" falsecount="3"/>
        <line num="26" count="0" type="stmt"/>
        <line num="33" count="0" type="cond" truecount="0" falsecount="5"/>
        <line num="34" count="0" type="stmt"/>
        <line num="36" count="0" type="cond" truecount="0" falsecount="2"/>
        <line num="37" count="0" type="stmt"/>
        <line num="38" count="0" type="stmt"/>
        <line num="41" count="0" type="cond" truecount="0" falsecount="2"/>
        <line num="42" count="0" type="cond" truecount="0" falsecount="2"/>
        <line num="43" count="0" type="stmt"/>
        <line num="44" count="0" type="stmt"/>
        <line num="48" count="0" type="stmt"/>
        <line num="49" count="0" type="stmt"/>
        <line num="54" count="0" type="stmt"/>
        <line num="55" count="0" type="stmt"/>
        <line num="65" count="4" type="cond" truecount="3" falsecount="1"/>
        <line num="66" count="4" type="stmt"/>
        <line num="67" count="0" type="cond" truecount="0" falsecount="2"/>
        <line num="68" count="0" type="stmt"/>
        <line num="72" count="4" type="stmt"/>
        <line num="73" count="0" type="cond" truecount="1" falsecount="1"/>
        <line num="83" count="0" type="stmt"/>
        <line num="86" count="0" type="stmt"/>
        <line num="89" count="0" type="stmt"/>
      </file>
      <file name="productDescription.jsx" path="/Users/tylerbrinkman/Documents/Hack/project-atelier/client/src/overview/components/productDescription.jsx">
        <metrics statements="2" coveredstatements="2" conditionals="0" coveredconditionals="0" methods="1" coveredmethods="1"/>
        <line num="3" count="5" type="stmt"/>
        <line num="4" count="4" type="stmt"/>
      </file>
      <file name="productInfo.jsx" path="/Users/tylerbrinkman/Documents/Hack/project-atelier/client/src/overview/components/productInfo.jsx">
        <metrics statements="6" coveredstatements="6" conditionals="2" coveredconditionals="2" methods="2" coveredmethods="2"/>
        <line num="6" count="4" type="stmt"/>
        <line num="7" count="4" type="stmt"/>
        <line num="13" count="4" type="cond" truecount="2" falsecount="0"/>
        <line num="14" count="3" type="stmt"/>
        <line num="20" count="1" type="stmt"/>
        <line num="23" count="4" type="stmt"/>
      </file>
      <file name="productStyle.jsx" path="/Users/tylerbrinkman/Documents/Hack/project-atelier/client/src/overview/components/productStyle.jsx">
        <metrics statements="5" coveredstatements="4" conditionals="2" coveredconditionals="2" methods="3" coveredmethods="2"/>
        <line num="3" count="5" type="stmt"/>
        <line num="4" count="4" type="stmt"/>
        <line num="12" count="5" type="stmt"/>
        <line num="13" count="24" type="stmt"/>
        <line num="17" count="0" type="stmt"/>
      </file>
      <file name="styleSelect.jsx" path="/Users/tylerbrinkman/Documents/Hack/project-atelier/client/src/overview/components/styleSelect.jsx">
        <metrics statements="6" coveredstatements="5" conditionals="0" coveredconditionals="0" methods="4" coveredmethods="3"/>
        <line num="7" count="4" type="stmt"/>
        <line num="8" count="4" type="stmt"/>
        <line num="11" count="4" type="stmt"/>
        <line num="15" count="0" type="stmt"/>
        <line num="21" count="4" type="stmt"/>
        <line num="26" count="24" type="stmt"/>
      </file>
      <file name="thumbnailCarousel.jsx" path="/Users/tylerbrinkman/Documents/Hack/project-atelier/client/src/overview/components/thumbnailCarousel.jsx">
        <metrics statements="18" coveredstatements="6" conditionals="12" coveredconditionals="5" methods="9" coveredmethods="3"/>
        <line num="5" count="4" type="stmt"/>
        <line num="6" count="4" type="stmt"/>
        <line num="13" count="0" type="stmt"/>
        <line num="14" count="0" type="stmt"/>
        <line num="15" count="0" type="cond" truecount="0" falsecount="2"/>
        <line num="16" count="0" type="stmt"/>
        <line num="18" count="0" type="stmt"/>
        <line num="21" count="0" type="stmt"/>
        <line num="28" count="4" type="cond" truecount="1" falsecount="1"/>
        <line num="29" count="0" type="stmt"/>
        <line num="30" count="0" type="stmt"/>
        <line num="31" count="0" type="stmt"/>
        <line num="37" count="4" type="stmt"/>
        <line num="38" count="24" type="stmt"/>
        <line num="39" count="0" type="stmt"/>
        <line num="46" count="4" type="stmt"/>
        <line num="48" count="0" type="cond" truecount="1" falsecount="1"/>
        <line num="50" count="0" type="cond" truecount="1" falsecount="1"/>
      </file>
      <file name="zoomImg.jsx" path="/Users/tylerbrinkman/Documents/Hack/project-atelier/client/src/overview/components/zoomImg.jsx">
        <metrics statements="12" coveredstatements="0" conditionals="0" coveredconditionals="0" methods="4" coveredmethods="0"/>
        <line num="5" count="0" type="stmt"/>
        <line num="6" count="0" type="stmt"/>
        <line num="10" count="0" type="stmt"/>
        <line num="12" count="0" type="stmt"/>
        <line num="13" count="0" type="stmt"/>
        <line num="15" count="0" type="stmt"/>
        <line num="16" count="0" type="stmt"/>
        <line num="18" count="0" type="stmt"/>
        <line num="19" count="0" type="stmt"/>
        <line num="21" count="0" type="stmt"/>
        <line num="25" count="0" type="stmt"/>
        <line num="27" count="0" type="stmt"/>
      </file>
    </package>
    <package name="project-atelier.client.src.overview.components.cartComponents">
      <metrics statements="30" coveredstatements="20" conditionals="25" coveredconditionals="6" methods="17" coveredmethods="9"/>
      <file name="quantity.jsx" path="/Users/tylerbrinkman/Documents/Hack/project-atelier/client/src/overview/components/cartComponents/quantity.jsx">
        <metrics statements="12" coveredstatements="7" conditionals="13" coveredconditionals="2" methods="8" coveredmethods="4"/>
        <line num="5" count="4" type="stmt"/>
        <line num="6" count="4" type="stmt"/>
        <line num="8" count="4" type="stmt"/>
        <line num="9" count="4" type="stmt"/>
        <line num="13" count="4" type="stmt"/>
        <line num="17" count="4" type="stmt"/>
        <line num="21" count="0" type="cond" truecount="0" falsecount="4"/>
        <line num="22" count="0" type="stmt"/>
        <line num="27" count="4" type="stmt"/>
        <line num="29" count="0" type="cond" truecount="1" falsecount="5"/>
        <line num="35" count="0" type="stmt"/>
        <line num="36" count="0" type="stmt"/>
      </file>
      <file name="size.jsx" path="/Users/tylerbrinkman/Documents/Hack/project-atelier/client/src/overview/components/cartComponents/size.jsx">
        <metrics statements="18" coveredstatements="13" conditionals="12" coveredconditionals="4" methods="9" coveredmethods="5"/>
        <line num="5" count="4" type="stmt"/>
        <line num="7" count="4" type="stmt"/>
        <line num="11" count="4" type="stmt"/>
        <line num="12" count="4" type="stmt"/>
        <line num="16" count="4" type="stmt"/>
        <line num="18" count="4" type="stmt"/>
        <line num="20" count="4" type="stmt"/>
        <line num="21" count="24" type="cond" truecount="2" falsecount="0"/>
        <line num="22" count="9" type="stmt"/>
        <line num="23" count="9" type="stmt"/>
        <line num="27" count="4" type="stmt"/>
        <line num="33" count="4" type="stmt"/>
        <line num="37" count="0" type="cond" truecount="0" falsecount="4"/>
        <line num="38" count="0" type="stmt"/>
        <line num="43" count="8" type="stmt"/>
        <line num="45" count="0" type="cond" truecount="1" falsecount="1"/>
        <line num="51" count="0" type="cond" truecount="0" falsecount="2"/>
        <line num="52" count="0" type="stmt"/>
      </file>
    </package>
    <package name="project-atelier.client.src.related">
      <metrics statements="32" coveredstatements="26" conditionals="6" coveredconditionals="4" methods="17" coveredmethods="13"/>
      <file name="outfitList.jsx" path="/Users/tylerbrinkman/Documents/Hack/project-atelier/client/src/related/outfitList.jsx">
        <metrics statements="3" coveredstatements="3" conditionals="0" coveredconditionals="0" methods="2" coveredmethods="2"/>
        <line num="6" count="1" type="stmt"/>
        <line num="7" count="1" type="stmt"/>
        <line num="11" count="1" type="stmt"/>
      </file>
      <file name="productCard.jsx" path="/Users/tylerbrinkman/Documents/Hack/project-atelier/client/src/related/productCard.jsx">
        <metrics statements="8" coveredstatements="6" conditionals="4" coveredconditionals="3" methods="3" coveredmethods="2"/>
        <line num="8" count="8" type="stmt"/>
        <line num="12" count="8" type="stmt"/>
        <line num="18" count="8" type="cond" truecount="2" falsecount="0"/>
        <line num="19" count="3" type="stmt"/>
        <line num="21" count="5" type="stmt"/>
        <line num="23" count="8" type="stmt"/>
        <line num="25" count="0" type="stmt"/>
        <line num="26" count="0" type="stmt"/>
      </file>
      <file name="relatedList.jsx" path="/Users/tylerbrinkman/Documents/Hack/project-atelier/client/src/related/relatedList.jsx">
        <metrics statements="10" coveredstatements="8" conditionals="0" coveredconditionals="0" methods="7" coveredmethods="5"/>
        <line num="7" count="3" type="stmt"/>
        <line num="8" count="3" type="stmt"/>
        <line num="33" count="3" type="stmt"/>
        <line num="40" count="0" type="stmt"/>
        <line num="44" count="0" type="stmt"/>
        <line num="49" count="3" type="stmt"/>
        <line num="58" count="3" type="stmt"/>
        <line num="59" count="3" type="stmt"/>
        <line num="60" count="3" type="stmt"/>
        <line num="65" count="3" type="stmt"/>
      </file>
      <file name="relatedProducts.jsx" path="/Users/tylerbrinkman/Documents/Hack/project-atelier/client/src/related/relatedProducts.jsx">
        <metrics statements="5" coveredstatements="4" conditionals="0" coveredconditionals="0" methods="3" coveredmethods="2"/>
        <line num="6" count="1" type="stmt"/>
        <line num="7" count="1" type="stmt"/>
        <line num="11" count="0" type="stmt"/>
        <line num="15" count="1" type="stmt"/>
        <line num="16" count="1" type="stmt"/>
      </file>
      <file name="salePrice.jsx" path="/Users/tylerbrinkman/Documents/Hack/project-atelier/client/src/related/salePrice.jsx">
        <metrics statements="6" coveredstatements="5" conditionals="2" coveredconditionals="1" methods="2" coveredmethods="2"/>
        <line num="6" count="8" type="stmt"/>
        <line num="7" count="8" type="stmt"/>
        <line num="12" count="8" type="cond" truecount="1" falsecount="1"/>
        <line num="13" count="0" type="stmt"/>
        <line num="17" count="8" type="stmt"/>
        <line num="24" count="8" type="stmt"/>
      </file>
    </package>
    <package name="project-atelier.client.src.review">
      <metrics statements="55" coveredstatements="39" conditionals="19" coveredconditionals="6" methods="23" coveredmethods="17"/>
      <file name="productBreakdown.jsx" path="/Users/tylerbrinkman/Documents/Hack/project-atelier/client/src/review/productBreakdown.jsx">
        <metrics statements="2" coveredstatements="2" conditionals="0" coveredconditionals="0" methods="1" coveredmethods="1"/>
        <line num="3" count="4" type="stmt"/>
        <line num="4" count="2" type="stmt"/>
      </file>
      <file name="progressBar.jsx" path="/Users/tylerbrinkman/Documents/Hack/project-atelier/client/src/review/progressBar.jsx">
        <metrics statements="2" coveredstatements="2" conditionals="0" coveredconditionals="0" methods="1" coveredmethods="1"/>
        <line num="5" count="4" type="stmt"/>
        <line num="6" count="5" type="stmt"/>
      </file>
      <file name="ratingBreakdown.jsx" path="/Users/tylerbrinkman/Documents/Hack/project-atelier/client/src/review/ratingBreakdown.jsx">
        <metrics statements="15" coveredstatements="14" conditionals="6" coveredconditionals="3" methods="4" coveredmethods="4"/>
        <line num="7" count="4" type="stmt"/>
        <line num="8" count="1" type="stmt"/>
        <line num="9" count="1" type="stmt"/>
        <line num="10" count="2" type="cond" truecount="1" falsecount="1"/>
        <line num="11" count="0" type="stmt"/>
        <line num="13" count="2" type="stmt"/>
        <line num="16" count="1" type="stmt"/>
        <line num="17" count="2" type="stmt"/>
        <line num="20" count="1" type="stmt"/>
        <line num="21" count="2" type="stmt"/>
        <line num="22" count="2" type="cond" truecount="1" falsecount="1"/>
        <line num="23" count="2" type="cond" truecount="1" falsecount="1"/>
        <line num="24" count="2" type="stmt"/>
        <line num="25" count="2" type="stmt"/>
        <line num="28" count="1" type="stmt"/>
      </file>
      <file name="review.jsx" path="/Users/tylerbrinkman/Documents/Hack/project-atelier/client/src/review/review.jsx">
        <metrics statements="8" coveredstatements="5" conditionals="0" coveredconditionals="0" methods="4" coveredmethods="3"/>
        <line num="10" count="1" type="stmt"/>
        <line num="11" count="1" type="stmt"/>
        <line num="12" count="1" type="stmt"/>
        <line num="16" count="1" type="stmt"/>
        <line num="22" count="0" type="stmt"/>
        <line num="23" count="0" type="stmt"/>
        <line num="24" count="0" type="stmt"/>
        <line num="30" count="1" type="stmt"/>
      </file>
      <file name="reviewComp.jsx" path="/Users/tylerbrinkman/Documents/Hack/project-atelier/client/src/review/reviewComp.jsx">
        <metrics statements="5" coveredstatements="5" conditionals="7" coveredconditionals="3" methods="3" coveredmethods="3"/>
        <line num="5" count="4" type="stmt"/>
        <line num="6" count="2" type="stmt"/>
        <line num="11" count="4" type="stmt"/>
        <line num="12" count="4" type="stmt"/>
        <line num="21" count="2" type="stmt"/>
      </file>
      <file name="reviewList.jsx" path="/Users/tylerbrinkman/Documents/Hack/project-atelier/client/src/review/reviewList.jsx">
        <metrics statements="3" coveredstatements="3" conditionals="0" coveredconditionals="0" methods="2" coveredmethods="2"/>
        <line num="5" count="4" type="stmt"/>
        <line num="6" count="2" type="stmt"/>
        <line num="9" count="2" type="stmt"/>
      </file>
      <file name="reviewSort.jsx" path="/Users/tylerbrinkman/Documents/Hack/project-atelier/client/src/review/reviewSort.jsx">
        <metrics statements="4" coveredstatements="4" conditionals="0" coveredconditionals="0" methods="2" coveredmethods="2"/>
        <line num="3" count="4" type="stmt"/>
        <line num="5" count="4" type="stmt"/>
        <line num="6" count="2" type="stmt"/>
        <line num="8" count="3" type="stmt"/>
      </file>
      <file name="starRating.jsx" path="/Users/tylerbrinkman/Documents/Hack/project-atelier/client/src/review/starRating.jsx">
        <metrics statements="16" coveredstatements="4" conditionals="6" coveredconditionals="0" methods="6" coveredmethods="1"/>
        <line num="2" count="5" type="stmt"/>
        <line num="3" count="18" type="stmt"/>
        <line num="10" count="5" type="stmt"/>
        <line num="11" count="0" type="stmt"/>
        <line num="12" count="0" type="stmt"/>
        <line num="14" count="0" type="stmt"/>
        <line num="28" count="5" type="stmt"/>
        <line num="29" count="0" type="stmt"/>
        <line num="30" count="0" type="stmt"/>
        <line num="31" count="0" type="stmt"/>
        <line num="35" count="0" type="stmt"/>
        <line num="36" count="0" type="stmt"/>
        <line num="37" count="0" type="cond" truecount="0" falsecount="2"/>
        <line num="38" count="0" type="stmt"/>
        <line num="42" count="0" type="stmt"/>
        <line num="48" count="0" type="stmt"/>
      </file>
    </package>
  </project>
</coverage>
