TN:
SF:sum.js
FN:1,sum
FNF:1
FNH:1
FNDA:1,sum
DA:2,1
DA:5,1
LF:2
LH:2
BRF:0
BRH:0
end_of_record
TN:
SF:client/src/app.jsx
FN:7,(anonymous_0)
FN:15,(anonymous_1)
FN:21,(anonymous_2)
FNF:3
FNH:2
FNDA:2,(anonymous_0)
FNDA:0,(anonymous_1)
FNDA:2,(anonymous_2)
DA:8,2
DA:9,2
DA:12,2
DA:16,0
DA:22,2
LF:5
LH:4
BRF:0
BRH:0
end_of_record
TN:
SF:client/src/overview/overview.jsx
FN:15,(anonymous_0)
FN:27,(anonymous_1)
FN:32,(anonymous_2)
FN:37,(anonymous_3)
FN:41,(anonymous_4)
FN:66,(anonymous_5)
FNF:6
FNH:2
FNDA:3,(anonymous_0)
FNDA:0,(anonymous_1)
FNDA:0,(anonymous_2)
FNDA:0,(anonymous_3)
FNDA:3,(anonymous_4)
FNDA:0,(anonymous_5)
DA:16,3
DA:17,3
DA:28,0
DA:33,0
DA:37,0
DA:42,3
DA:66,0
LF:7
LH:3
BRF:0
BRH:0
end_of_record
TN:
SF:client/src/overview/components/addToCart.jsx
FN:6,(anonymous_0)
FN:23,(anonymous_1)
FN:30,(anonymous_2)
FN:37,(anonymous_3)
FN:45,(anonymous_4)
FN:52,(anonymous_5)
FN:59,(anonymous_6)
FNF:7
FNH:2
FNDA:4,(anonymous_0)
FNDA:0,(anonymous_1)
FNDA:0,(anonymous_2)
FNDA:0,(anonymous_3)
FNDA:0,(anonymous_4)
FNDA:0,(anonymous_5)
FNDA:4,(anonymous_6)
DA:7,4
DA:8,4
DA:16,4
DA:17,4
DA:18,4
DA:19,4
DA:20,4
DA:24,0
DA:25,0
DA:31,0
DA:32,0
DA:38,0
DA:39,0
DA:40,0
DA:46,0
DA:47,0
DA:53,0
DA:54,0
DA:60,4
LF:19
LH:8
BRDA:82,0,0,4
BRDA:82,0,1,4
BRDA:82,0,2,0
BRF:3
BRH:2
end_of_record
TN:
SF:client/src/overview/components/imageGallery.jsx
FN:4,(anonymous_0)
FN:22,(anonymous_1)
FN:31,(anonymous_2)
FN:69,(anonymous_3)
FN:73,(anonymous_4)
FN:78,(anonymous_5)
FN:80,(anonymous_6)
FN:89,(anonymous_7)
FN:93,(anonymous_8)
FN:97,(anonymous_9)
FNF:10
FNH:3
FNDA:4,(anonymous_0)
FNDA:0,(anonymous_1)
FNDA:0,(anonymous_2)
FNDA:4,(anonymous_3)
FNDA:0,(anonymous_4)
FNDA:24,(anonymous_5)
FNDA:0,(anonymous_6)
FNDA:0,(anonymous_7)
FNDA:0,(anonymous_8)
FNDA:0,(anonymous_9)
DA:5,4
DA:6,4
DA:18,4
DA:19,4
DA:23,0
DA:24,0
DA:25,0
DA:32,0
DA:33,0
DA:35,0
DA:36,0
DA:38,0
DA:41,0
DA:42,0
DA:43,0
DA:44,0
DA:48,0
DA:49,0
DA:54,0
DA:55,0
DA:70,4
DA:73,0
DA:79,24
DA:80,0
DA:89,0
DA:93,0
DA:97,0
LF:27
LH:6
BRDA:24,0,0,0
BRDA:24,0,1,0
BRDA:32,1,0,0
BRDA:32,1,1,0
BRDA:32,2,0,0
BRDA:32,2,1,0
BRDA:32,2,2,0
BRDA:35,3,0,0
BRDA:35,3,1,0
BRDA:41,4,0,0
BRDA:41,4,1,0
BRDA:42,5,0,0
BRDA:42,5,1,0
BRDA:74,6,0,0
BRDA:74,6,1,4
BRDA:75,7,0,0
BRDA:75,7,1,4
BRDA:76,8,0,4
BRDA:76,8,1,4
BRDA:81,9,0,4
BRDA:81,9,1,20
BRDA:87,10,0,4
BRDA:87,10,1,4
BRDA:91,11,0,4
BRDA:91,11,1,4
BRDA:95,12,0,4
BRDA:95,12,1,4
BRF:27
BRH:12
end_of_record
TN:
SF:client/src/overview/components/productDescription.jsx
FN:3,(anonymous_0)
FNF:1
FNH:1
FNDA:4,(anonymous_0)
DA:3,5
DA:4,4
LF:2
LH:2
BRF:0
BRH:0
end_of_record
TN:
SF:client/src/overview/components/productInfo.jsx
FN:5,(anonymous_0)
FN:10,(anonymous_1)
FNF:2
FNH:2
FNDA:4,(anonymous_0)
FNDA:4,(anonymous_1)
DA:6,4
DA:7,4
DA:11,4
LF:3
LH:3
BRF:0
BRH:0
end_of_record
TN:
SF:client/src/overview/components/productStyle.jsx
FN:3,(anonymous_0)
FN:12,(anonymous_1)
FN:17,(anonymous_2)
FNF:3
FNH:2
FNDA:4,(anonymous_0)
FNDA:24,(anonymous_1)
FNDA:0,(anonymous_2)
DA:3,5
DA:4,4
DA:12,5
DA:13,24
DA:17,0
LF:5
LH:4
BRDA:22,0,0,24
BRDA:22,0,1,4
BRF:2
BRH:2
end_of_record
TN:
SF:client/src/overview/components/styleSelect.jsx
FN:6,(anonymous_0)
FN:14,(anonymous_1)
FN:20,(anonymous_2)
FN:25,(anonymous_3)
FNF:4
FNH:3
FNDA:4,(anonymous_0)
FNDA:0,(anonymous_1)
FNDA:4,(anonymous_2)
FNDA:24,(anonymous_3)
DA:7,4
DA:8,4
DA:11,4
DA:15,0
DA:21,4
DA:26,24
LF:6
LH:5
BRF:0
BRH:0
end_of_record
TN:
SF:client/src/overview/components/cartComponents/quantity.jsx
FN:4,(anonymous_0)
FN:12,(anonymous_1)
FN:16,(anonymous_2)
FN:20,(anonymous_3)
FN:26,(anonymous_4)
FN:29,(anonymous_5)
FN:34,(anonymous_6)
FN:35,(anonymous_7)
FNF:8
FNH:4
FNDA:4,(anonymous_0)
FNDA:4,(anonymous_1)
FNDA:4,(anonymous_2)
FNDA:0,(anonymous_3)
FNDA:4,(anonymous_4)
FNDA:0,(anonymous_5)
FNDA:0,(anonymous_6)
FNDA:0,(anonymous_7)
DA:5,4
DA:6,4
DA:8,4
DA:9,4
DA:13,4
DA:17,4
DA:21,0
DA:22,0
DA:27,4
DA:29,0
DA:35,0
LF:11
LH:7
BRDA:21,0,0,0
BRDA:21,0,1,0
BRDA:21,1,0,0
BRDA:21,1,1,0
BRDA:29,2,0,4
BRDA:29,2,1,0
BRDA:29,3,0,0
BRDA:29,3,1,0
BRDA:29,4,0,0
BRDA:29,4,1,0
BRDA:30,5,0,4
BRDA:30,5,1,0
BRDA:30,5,2,0
BRF:13
BRH:2
end_of_record
TN:
SF:client/src/overview/components/cartComponents/size.jsx
FN:4,(anonymous_0)
FN:14,(anonymous_1)
FN:18,(anonymous_2)
FN:22,(anonymous_3)
FN:28,(anonymous_4)
FN:31,(anonymous_5)
FN:36,(anonymous_6)
FN:37,(anonymous_7)
FNF:8
FNH:4
FNDA:4,(anonymous_0)
FNDA:4,(anonymous_1)
FNDA:4,(anonymous_2)
FNDA:0,(anonymous_3)
FNDA:4,(anonymous_4)
FNDA:0,(anonymous_5)
FNDA:0,(anonymous_6)
FNDA:0,(anonymous_7)
DA:5,4
DA:7,4
DA:10,4
DA:11,4
DA:15,4
DA:19,4
DA:23,0
DA:24,0
DA:29,4
DA:31,0
DA:37,0
LF:11
LH:7
BRDA:23,0,0,0
BRDA:23,0,1,0
BRDA:23,1,0,0
BRDA:23,1,1,0
BRDA:32,2,0,4
BRDA:32,2,1,0
BRF:6
BRH:1
end_of_record
TN:
SF:client/src/related/outfitList.jsx
FN:5,(anonymous_0)
FN:10,(anonymous_1)
FNF:2
FNH:2
FNDA:1,(anonymous_0)
FNDA:1,(anonymous_1)
DA:6,1
DA:7,1
DA:11,1
LF:3
LH:3
BRF:0
BRH:0
end_of_record
TN:
SF:client/src/related/productCard.jsx
FN:8,(anonymous_0)
FN:17,(anonymous_1)
FN:25,(anonymous_2)
FNF:3
FNH:2
FNDA:8,(anonymous_0)
FNDA:8,(anonymous_1)
FNDA:0,(anonymous_2)
DA:9,8
DA:13,8
DA:19,8
DA:20,3
DA:22,5
DA:24,8
DA:26,0
DA:27,0
LF:8
LH:6
BRDA:19,0,0,3
BRDA:19,0,1,5
BRDA:29,1,0,8
BRDA:29,1,1,0
BRF:4
BRH:3
end_of_record
TN:
SF:client/src/related/relatedList.jsx
FN:7,(anonymous_0)
FN:33,(anonymous_1)
FN:40,(anonymous_2)
FN:44,(anonymous_3)
FN:49,(anonymous_4)
FN:53,(anonymous_5)
FN:58,(anonymous_6)
FN:65,(anonymous_7)
FNF:8
FNH:5
FNDA:3,(anonymous_0)
FNDA:3,(anonymous_1)
FNDA:0,(anonymous_2)
FNDA:0,(anonymous_3)
FNDA:3,(anonymous_4)
FNDA:0,(anonymous_5)
FNDA:3,(anonymous_6)
FNDA:3,(anonymous_7)
DA:8,3
DA:9,3
DA:34,3
DA:41,0
DA:45,0
DA:50,3
DA:54,0
DA:59,3
DA:60,3
DA:61,3
DA:66,3
LF:11
LH:8
BRF:0
BRH:0
end_of_record
TN:
SF:client/src/related/relatedProducts.jsx
FN:7,(anonymous_0)
FN:12,(anonymous_1)
FNF:2
FNH:2
FNDA:1,(anonymous_0)
FNDA:1,(anonymous_1)
DA:8,1
DA:9,1
DA:13,1
DA:14,1
LF:4
LH:4
BRF:0
BRH:0
end_of_record
TN:
SF:client/src/related/salePrice.jsx
FN:5,(anonymous_0)
FN:10,(anonymous_1)
FNF:2
FNH:2
FNDA:8,(anonymous_0)
FNDA:8,(anonymous_1)
DA:6,8
DA:7,8
DA:12,8
DA:13,0
DA:17,8
DA:24,8
LF:6
LH:5
BRDA:12,0,0,0
BRDA:12,0,1,8
BRF:2
BRH:1
end_of_record
TN:
SF:client/src/review/productBreakdown.jsx
FN:3,(anonymous_0)
FNF:1
FNH:1
FNDA:2,(anonymous_0)
DA:3,4
DA:4,2
LF:2
LH:2
BRF:0
BRH:0
end_of_record
TN:
SF:client/src/review/progressBar.jsx
FN:5,(anonymous_0)
FNF:1
FNH:1
FNDA:5,(anonymous_0)
DA:5,4
DA:6,5
LF:2
LH:2
BRF:0
BRH:0
end_of_record
TN:
SF:client/src/review/ratingBreakdown.jsx
FN:7,(anonymous_0)
FN:9,(anonymous_1)
FN:16,(anonymous_2)
FN:20,(anonymous_3)
FNF:4
FNH:4
FNDA:1,(anonymous_0)
FNDA:2,(anonymous_1)
FNDA:2,(anonymous_2)
FNDA:2,(anonymous_3)
DA:7,4
DA:8,1
DA:9,1
DA:10,2
DA:11,0
DA:13,2
DA:16,1
DA:17,2
DA:20,1
DA:21,2
DA:22,2
DA:23,2
DA:24,2
DA:25,2
DA:28,1
LF:15
LH:14
BRDA:10,0,0,0
BRDA:10,0,1,2
BRDA:22,1,0,0
BRDA:22,1,1,2
BRDA:23,2,0,0
BRDA:23,2,1,2
BRF:6
BRH:3
end_of_record
TN:
SF:client/src/review/review.jsx
FN:9,(anonymous_0)
FN:15,(anonymous_1)
FN:21,(anonymous_2)
FN:29,(anonymous_3)
FNF:4
FNH:3
FNDA:1,(anonymous_0)
FNDA:1,(anonymous_1)
FNDA:0,(anonymous_2)
FNDA:1,(anonymous_3)
DA:10,1
DA:11,1
DA:12,1
DA:16,1
DA:22,0
DA:23,0
DA:24,0
DA:30,1
LF:8
LH:5
BRF:0
BRH:0
end_of_record
TN:
SF:client/src/review/reviewComp.jsx
FN:5,(anonymous_0)
FN:11,(anonymous_1)
FN:21,(anonymous_2)
FNF:3
FNH:3
FNDA:2,(anonymous_0)
FNDA:4,(anonymous_1)
FNDA:2,(anonymous_2)
DA:5,4
DA:6,2
DA:11,4
DA:12,4
DA:21,2
LF:5
LH:5
BRDA:7,0,0,2
BRDA:7,0,1,0
BRDA:7,0,2,0
BRDA:22,1,0,2
BRDA:22,1,1,0
BRDA:28,2,0,2
BRDA:28,2,1,0
BRF:7
BRH:3
end_of_record
TN:
SF:client/src/review/reviewList.jsx
FN:5,(anonymous_0)
FN:9,(anonymous_1)
FNF:2
FNH:2
FNDA:2,(anonymous_0)
FNDA:2,(anonymous_1)
DA:5,4
DA:6,2
DA:9,2
LF:3
LH:3
BRF:0
BRH:0
end_of_record
TN:
SF:client/src/review/reviewSort.jsx
FN:5,(anonymous_0)
FN:8,(anonymous_1)
FNF:2
FNH:2
FNDA:2,(anonymous_0)
FNDA:3,(anonymous_1)
DA:3,4
DA:5,4
DA:6,2
DA:8,3
LF:4
LH:4
BRF:0
BRH:0
end_of_record
TN:
SF:client/src/review/starRating.jsx
FN:2,(anonymous_0)
FN:10,(anonymous_1)
FN:11,(anonymous_2)
FN:28,(anonymous_3)
FN:35,(anonymous_4)
FN:47,(anonymous_5)
FNF:6
FNH:1
FNDA:18,(anonymous_0)
FNDA:0,(anonymous_1)
FNDA:0,(anonymous_2)
FNDA:0,(anonymous_3)
FNDA:0,(anonymous_4)
FNDA:0,(anonymous_5)
DA:2,5
DA:3,18
DA:10,5
DA:11,0
DA:12,0
DA:14,0
DA:28,5
DA:29,0
DA:30,0
DA:31,0
DA:35,0
DA:36,0
DA:37,0
DA:38,0
DA:42,0
DA:48,0
LF:16
LH:4
BRDA:37,0,0,0
BRDA:37,0,1,0
BRDA:44,1,0,0
BRDA:44,1,1,0
BRDA:51,2,0,0
BRDA:51,2,1,0
BRF:6
BRH:0
end_of_record
